<?xml version="1.0" encoding="UTF-8"?>
<testsuite xmlns:xsi="http://www.w3.org/2001/XMLSchema-instance" xsi:noNamespaceSchemaLocation="https://maven.apache.org/surefire/maven-surefire-plugin/xsd/surefire-test-report.xsd" name="com.javatechie.docker.compose.SpringbootMongodbDockerApplicationTests" time="16.076" tests="1" errors="0" skipped="0" failures="0">
  <properties>
    <property name="sun.desktop" value="gnome"/>
    <property name="awt.toolkit" value="sun.awt.X11.XToolkit"/>
    <property name="file.encoding.pkg" value="sun.io"/>
    <property name="java.specification.version" value="1.8"/>
    <property name="sun.cpu.isalist" value=""/>
    <property name="sun.jnu.encoding" value="UTF-8"/>
    <property name="java.class.path" value="/home/tayeb/Documents/Devops Projects/Mongo_dockercompose/springboot-mongo-docker/target/test-classes:/home/tayeb/Documents/Devops Projects/Mongo_dockercompose/springboot-mongo-docker/target/classes:/home/tayeb/.m2/repository/org/springframework/boot/spring-boot-starter-data-mongodb/2.5.4/spring-boot-starter-data-mongodb-2.5.4.jar:/home/tayeb/.m2/repository/org/springframework/boot/spring-boot-starter/2.5.4/spring-boot-starter-2.5.4.jar:/home/tayeb/.m2/repository/org/springframework/boot/spring-boot/2.5.4/spring-boot-2.5.4.jar:/home/tayeb/.m2/repository/org/springframework/boot/spring-boot-autoconfigure/2.5.4/spring-boot-autoconfigure-2.5.4.jar:/home/tayeb/.m2/repository/org/springframework/boot/spring-boot-starter-logging/2.5.4/spring-boot-starter-logging-2.5.4.jar:/home/tayeb/.m2/repository/ch/qos/logback/logback-classic/1.2.5/logback-classic-1.2.5.jar:/home/tayeb/.m2/repository/ch/qos/logback/logback-core/1.2.5/logback-core-1.2.5.jar:/home/tayeb/.m2/repository/org/apache/logging/log4j/log4j-to-slf4j/2.14.1/log4j-to-slf4j-2.14.1.jar:/home/tayeb/.m2/repository/org/apache/logging/log4j/log4j-api/2.14.1/log4j-api-2.14.1.jar:/home/tayeb/.m2/repository/org/slf4j/jul-to-slf4j/1.7.32/jul-to-slf4j-1.7.32.jar:/home/tayeb/.m2/repository/jakarta/annotation/jakarta.annotation-api/1.3.5/jakarta.annotation-api-1.3.5.jar:/home/tayeb/.m2/repository/org/yaml/snakeyaml/1.28/snakeyaml-1.28.jar:/home/tayeb/.m2/repository/org/mongodb/mongodb-driver-sync/4.2.3/mongodb-driver-sync-4.2.3.jar:/home/tayeb/.m2/repository/org/mongodb/bson/4.2.3/bson-4.2.3.jar:/home/tayeb/.m2/repository/org/mongodb/mongodb-driver-core/4.2.3/mongodb-driver-core-4.2.3.jar:/home/tayeb/.m2/repository/org/springframework/data/spring-data-mongodb/3.2.4/spring-data-mongodb-3.2.4.jar:/home/tayeb/.m2/repository/org/springframework/spring-tx/5.3.9/spring-tx-5.3.9.jar:/home/tayeb/.m2/repository/org/springframework/spring-context/5.3.9/spring-context-5.3.9.jar:/home/tayeb/.m2/repository/org/springframework/spring-beans/5.3.9/spring-beans-5.3.9.jar:/home/tayeb/.m2/repository/org/springframework/spring-expression/5.3.9/spring-expression-5.3.9.jar:/home/tayeb/.m2/repository/org/springframework/data/spring-data-commons/2.5.4/spring-data-commons-2.5.4.jar:/home/tayeb/.m2/repository/org/slf4j/slf4j-api/1.7.32/slf4j-api-1.7.32.jar:/home/tayeb/.m2/repository/org/springframework/boot/spring-boot-starter-web/2.5.4/spring-boot-starter-web-2.5.4.jar:/home/tayeb/.m2/repository/org/springframework/boot/spring-boot-starter-json/2.5.4/spring-boot-starter-json-2.5.4.jar:/home/tayeb/.m2/repository/com/fasterxml/jackson/core/jackson-databind/2.12.4/jackson-databind-2.12.4.jar:/home/tayeb/.m2/repository/com/fasterxml/jackson/core/jackson-annotations/2.12.4/jackson-annotations-2.12.4.jar:/home/tayeb/.m2/repository/com/fasterxml/jackson/core/jackson-core/2.12.4/jackson-core-2.12.4.jar:/home/tayeb/.m2/repository/com/fasterxml/jackson/datatype/jackson-datatype-jdk8/2.12.4/jackson-datatype-jdk8-2.12.4.jar:/home/tayeb/.m2/repository/com/fasterxml/jackson/datatype/jackson-datatype-jsr310/2.12.4/jackson-datatype-jsr310-2.12.4.jar:/home/tayeb/.m2/repository/com/fasterxml/jackson/module/jackson-module-parameter-names/2.12.4/jackson-module-parameter-names-2.12.4.jar:/home/tayeb/.m2/repository/org/springframework/boot/spring-boot-starter-tomcat/2.5.4/spring-boot-starter-tomcat-2.5.4.jar:/home/tayeb/.m2/repository/org/apache/tomcat/embed/tomcat-embed-core/9.0.52/tomcat-embed-core-9.0.52.jar:/home/tayeb/.m2/repository/org/apache/tomcat/embed/tomcat-embed-el/9.0.52/tomcat-embed-el-9.0.52.jar:/home/tayeb/.m2/repository/org/apache/tomcat/embed/tomcat-embed-websocket/9.0.52/tomcat-embed-websocket-9.0.52.jar:/home/tayeb/.m2/repository/org/springframework/spring-web/5.3.9/spring-web-5.3.9.jar:/home/tayeb/.m2/repository/org/springframework/spring-webmvc/5.3.9/spring-webmvc-5.3.9.jar:/home/tayeb/.m2/repository/org/springframework/spring-aop/5.3.9/spring-aop-5.3.9.jar:/home/tayeb/.m2/repository/org/projectlombok/lombok/1.18.20/lombok-1.18.20.jar:/home/tayeb/.m2/repository/org/springframework/boot/spring-boot-starter-test/2.5.4/spring-boot-starter-test-2.5.4.jar:/home/tayeb/.m2/repository/org/springframework/boot/spring-boot-test/2.5.4/spring-boot-test-2.5.4.jar:/home/tayeb/.m2/repository/org/springframework/boot/spring-boot-test-autoconfigure/2.5.4/spring-boot-test-autoconfigure-2.5.4.jar:/home/tayeb/.m2/repository/com/jayway/jsonpath/json-path/2.5.0/json-path-2.5.0.jar:/home/tayeb/.m2/repository/net/minidev/json-smart/2.4.7/json-smart-2.4.7.jar:/home/tayeb/.m2/repository/net/minidev/accessors-smart/2.4.7/accessors-smart-2.4.7.jar:/home/tayeb/.m2/repository/org/ow2/asm/asm/9.1/asm-9.1.jar:/home/tayeb/.m2/repository/jakarta/xml/bind/jakarta.xml.bind-api/2.3.3/jakarta.xml.bind-api-2.3.3.jar:/home/tayeb/.m2/repository/jakarta/activation/jakarta.activation-api/1.2.2/jakarta.activation-api-1.2.2.jar:/home/tayeb/.m2/repository/org/assertj/assertj-core/3.19.0/assertj-core-3.19.0.jar:/home/tayeb/.m2/repository/org/hamcrest/hamcrest/2.2/hamcrest-2.2.jar:/home/tayeb/.m2/repository/org/junit/jupiter/junit-jupiter/5.7.2/junit-jupiter-5.7.2.jar:/home/tayeb/.m2/repository/org/junit/jupiter/junit-jupiter-api/5.7.2/junit-jupiter-api-5.7.2.jar:/home/tayeb/.m2/repository/org/apiguardian/apiguardian-api/1.1.0/apiguardian-api-1.1.0.jar:/home/tayeb/.m2/repository/org/opentest4j/opentest4j/1.2.0/opentest4j-1.2.0.jar:/home/tayeb/.m2/repository/org/junit/platform/junit-platform-commons/1.7.2/junit-platform-commons-1.7.2.jar:/home/tayeb/.m2/repository/org/junit/jupiter/junit-jupiter-params/5.7.2/junit-jupiter-params-5.7.2.jar:/home/tayeb/.m2/repository/org/junit/jupiter/junit-jupiter-engine/5.7.2/junit-jupiter-engine-5.7.2.jar:/home/tayeb/.m2/repository/org/junit/platform/junit-platform-engine/1.7.2/junit-platform-engine-1.7.2.jar:/home/tayeb/.m2/repository/org/mockito/mockito-core/3.9.0/mockito-core-3.9.0.jar:/home/tayeb/.m2/repository/net/bytebuddy/byte-buddy/1.10.22/byte-buddy-1.10.22.jar:/home/tayeb/.m2/repository/net/bytebuddy/byte-buddy-agent/1.10.22/byte-buddy-agent-1.10.22.jar:/home/tayeb/.m2/repository/org/objenesis/objenesis/3.2/objenesis-3.2.jar:/home/tayeb/.m2/repository/org/mockito/mockito-junit-jupiter/3.9.0/mockito-junit-jupiter-3.9.0.jar:/home/tayeb/.m2/repository/org/skyscreamer/jsonassert/1.5.0/jsonassert-1.5.0.jar:/home/tayeb/.m2/repository/com/vaadin/external/google/android-json/0.0.20131108.vaadin1/android-json-0.0.20131108.vaadin1.jar:/home/tayeb/.m2/repository/org/springframework/spring-core/5.3.9/spring-core-5.3.9.jar:/home/tayeb/.m2/repository/org/springframework/spring-jcl/5.3.9/spring-jcl-5.3.9.jar:/home/tayeb/.m2/repository/org/springframework/spring-test/5.3.9/spring-test-5.3.9.jar:/home/tayeb/.m2/repository/org/xmlunit/xmlunit-core/2.8.2/xmlunit-core-2.8.2.jar:"/>
    <property name="java.vm.vendor" value="Private Build"/>
    <property name="sun.arch.data.model" value="64"/>
    <property name="java.vendor.url" value="http://java.oracle.com/"/>
    <property name="user.timezone" value=""/>
    <property name="java.vm.specification.version" value="1.8"/>
    <property name="os.name" value="Linux"/>
    <property name="user.country" value="US"/>
    <property name="sun.java.launcher" value="SUN_STANDARD"/>
    <property name="sun.boot.library.path" value="/usr/lib/jvm/java-8-openjdk-amd64/jre/lib/amd64"/>
    <property name="sun.java.command" value="/home/tayeb/Documents/Devops Projects/Mongo_dockercompose/springboot-mongo-docker/target/surefire/surefirebooter494758197934271088.jar /home/tayeb/Documents/Devops Projects/Mongo_dockercompose/springboot-mongo-docker/target/surefire 2023-03-13T16-28-02_415-jvmRun1 surefire2052640994954887217tmp surefire_07370493245686496381tmp"/>
    <property name="surefire.test.class.path" value="/home/tayeb/Documents/Devops Projects/Mongo_dockercompose/springboot-mongo-docker/target/test-classes:/home/tayeb/Documents/Devops Projects/Mongo_dockercompose/springboot-mongo-docker/target/classes:/home/tayeb/.m2/repository/org/springframework/boot/spring-boot-starter-data-mongodb/2.5.4/spring-boot-starter-data-mongodb-2.5.4.jar:/home/tayeb/.m2/repository/org/springframework/boot/spring-boot-starter/2.5.4/spring-boot-starter-2.5.4.jar:/home/tayeb/.m2/repository/org/springframework/boot/spring-boot/2.5.4/spring-boot-2.5.4.jar:/home/tayeb/.m2/repository/org/springframework/boot/spring-boot-autoconfigure/2.5.4/spring-boot-autoconfigure-2.5.4.jar:/home/tayeb/.m2/repository/org/springframework/boot/spring-boot-starter-logging/2.5.4/spring-boot-starter-logging-2.5.4.jar:/home/tayeb/.m2/repository/ch/qos/logback/logback-classic/1.2.5/logback-classic-1.2.5.jar:/home/tayeb/.m2/repository/ch/qos/logback/logback-core/1.2.5/logback-core-1.2.5.jar:/home/tayeb/.m2/repository/org/apache/logging/log4j/log4j-to-slf4j/2.14.1/log4j-to-slf4j-2.14.1.jar:/home/tayeb/.m2/repository/org/apache/logging/log4j/log4j-api/2.14.1/log4j-api-2.14.1.jar:/home/tayeb/.m2/repository/org/slf4j/jul-to-slf4j/1.7.32/jul-to-slf4j-1.7.32.jar:/home/tayeb/.m2/repository/jakarta/annotation/jakarta.annotation-api/1.3.5/jakarta.annotation-api-1.3.5.jar:/home/tayeb/.m2/repository/org/yaml/snakeyaml/1.28/snakeyaml-1.28.jar:/home/tayeb/.m2/repository/org/mongodb/mongodb-driver-sync/4.2.3/mongodb-driver-sync-4.2.3.jar:/home/tayeb/.m2/repository/org/mongodb/bson/4.2.3/bson-4.2.3.jar:/home/tayeb/.m2/repository/org/mongodb/mongodb-driver-core/4.2.3/mongodb-driver-core-4.2.3.jar:/home/tayeb/.m2/repository/org/springframework/data/spring-data-mongodb/3.2.4/spring-data-mongodb-3.2.4.jar:/home/tayeb/.m2/repository/org/springframework/spring-tx/5.3.9/spring-tx-5.3.9.jar:/home/tayeb/.m2/repository/org/springframework/spring-context/5.3.9/spring-context-5.3.9.jar:/home/tayeb/.m2/repository/org/springframework/spring-beans/5.3.9/spring-beans-5.3.9.jar:/home/tayeb/.m2/repository/org/springframework/spring-expression/5.3.9/spring-expression-5.3.9.jar:/home/tayeb/.m2/repository/org/springframework/data/spring-data-commons/2.5.4/spring-data-commons-2.5.4.jar:/home/tayeb/.m2/repository/org/slf4j/slf4j-api/1.7.32/slf4j-api-1.7.32.jar:/home/tayeb/.m2/repository/org/springframework/boot/spring-boot-starter-web/2.5.4/spring-boot-starter-web-2.5.4.jar:/home/tayeb/.m2/repository/org/springframework/boot/spring-boot-starter-json/2.5.4/spring-boot-starter-json-2.5.4.jar:/home/tayeb/.m2/repository/com/fasterxml/jackson/core/jackson-databind/2.12.4/jackson-databind-2.12.4.jar:/home/tayeb/.m2/repository/com/fasterxml/jackson/core/jackson-annotations/2.12.4/jackson-annotations-2.12.4.jar:/home/tayeb/.m2/repository/com/fasterxml/jackson/core/jackson-core/2.12.4/jackson-core-2.12.4.jar:/home/tayeb/.m2/repository/com/fasterxml/jackson/datatype/jackson-datatype-jdk8/2.12.4/jackson-datatype-jdk8-2.12.4.jar:/home/tayeb/.m2/repository/com/fasterxml/jackson/datatype/jackson-datatype-jsr310/2.12.4/jackson-datatype-jsr310-2.12.4.jar:/home/tayeb/.m2/repository/com/fasterxml/jackson/module/jackson-module-parameter-names/2.12.4/jackson-module-parameter-names-2.12.4.jar:/home/tayeb/.m2/repository/org/springframework/boot/spring-boot-starter-tomcat/2.5.4/spring-boot-starter-tomcat-2.5.4.jar:/home/tayeb/.m2/repository/org/apache/tomcat/embed/tomcat-embed-core/9.0.52/tomcat-embed-core-9.0.52.jar:/home/tayeb/.m2/repository/org/apache/tomcat/embed/tomcat-embed-el/9.0.52/tomcat-embed-el-9.0.52.jar:/home/tayeb/.m2/repository/org/apache/tomcat/embed/tomcat-embed-websocket/9.0.52/tomcat-embed-websocket-9.0.52.jar:/home/tayeb/.m2/repository/org/springframework/spring-web/5.3.9/spring-web-5.3.9.jar:/home/tayeb/.m2/repository/org/springframework/spring-webmvc/5.3.9/spring-webmvc-5.3.9.jar:/home/tayeb/.m2/repository/org/springframework/spring-aop/5.3.9/spring-aop-5.3.9.jar:/home/tayeb/.m2/repository/org/projectlombok/lombok/1.18.20/lombok-1.18.20.jar:/home/tayeb/.m2/repository/org/springframework/boot/spring-boot-starter-test/2.5.4/spring-boot-starter-test-2.5.4.jar:/home/tayeb/.m2/repository/org/springframework/boot/spring-boot-test/2.5.4/spring-boot-test-2.5.4.jar:/home/tayeb/.m2/repository/org/springframework/boot/spring-boot-test-autoconfigure/2.5.4/spring-boot-test-autoconfigure-2.5.4.jar:/home/tayeb/.m2/repository/com/jayway/jsonpath/json-path/2.5.0/json-path-2.5.0.jar:/home/tayeb/.m2/repository/net/minidev/json-smart/2.4.7/json-smart-2.4.7.jar:/home/tayeb/.m2/repository/net/minidev/accessors-smart/2.4.7/accessors-smart-2.4.7.jar:/home/tayeb/.m2/repository/org/ow2/asm/asm/9.1/asm-9.1.jar:/home/tayeb/.m2/repository/jakarta/xml/bind/jakarta.xml.bind-api/2.3.3/jakarta.xml.bind-api-2.3.3.jar:/home/tayeb/.m2/repository/jakarta/activation/jakarta.activation-api/1.2.2/jakarta.activation-api-1.2.2.jar:/home/tayeb/.m2/repository/org/assertj/assertj-core/3.19.0/assertj-core-3.19.0.jar:/home/tayeb/.m2/repository/org/hamcrest/hamcrest/2.2/hamcrest-2.2.jar:/home/tayeb/.m2/repository/org/junit/jupiter/junit-jupiter/5.7.2/junit-jupiter-5.7.2.jar:/home/tayeb/.m2/repository/org/junit/jupiter/junit-jupiter-api/5.7.2/junit-jupiter-api-5.7.2.jar:/home/tayeb/.m2/repository/org/apiguardian/apiguardian-api/1.1.0/apiguardian-api-1.1.0.jar:/home/tayeb/.m2/repository/org/opentest4j/opentest4j/1.2.0/opentest4j-1.2.0.jar:/home/tayeb/.m2/repository/org/junit/platform/junit-platform-commons/1.7.2/junit-platform-commons-1.7.2.jar:/home/tayeb/.m2/repository/org/junit/jupiter/junit-jupiter-params/5.7.2/junit-jupiter-params-5.7.2.jar:/home/tayeb/.m2/repository/org/junit/jupiter/junit-jupiter-engine/5.7.2/junit-jupiter-engine-5.7.2.jar:/home/tayeb/.m2/repository/org/junit/platform/junit-platform-engine/1.7.2/junit-platform-engine-1.7.2.jar:/home/tayeb/.m2/repository/org/mockito/mockito-core/3.9.0/mockito-core-3.9.0.jar:/home/tayeb/.m2/repository/net/bytebuddy/byte-buddy/1.10.22/byte-buddy-1.10.22.jar:/home/tayeb/.m2/repository/net/bytebuddy/byte-buddy-agent/1.10.22/byte-buddy-agent-1.10.22.jar:/home/tayeb/.m2/repository/org/objenesis/objenesis/3.2/objenesis-3.2.jar:/home/tayeb/.m2/repository/org/mockito/mockito-junit-jupiter/3.9.0/mockito-junit-jupiter-3.9.0.jar:/home/tayeb/.m2/repository/org/skyscreamer/jsonassert/1.5.0/jsonassert-1.5.0.jar:/home/tayeb/.m2/repository/com/vaadin/external/google/android-json/0.0.20131108.vaadin1/android-json-0.0.20131108.vaadin1.jar:/home/tayeb/.m2/repository/org/springframework/spring-core/5.3.9/spring-core-5.3.9.jar:/home/tayeb/.m2/repository/org/springframework/spring-jcl/5.3.9/spring-jcl-5.3.9.jar:/home/tayeb/.m2/repository/org/springframework/spring-test/5.3.9/spring-test-5.3.9.jar:/home/tayeb/.m2/repository/org/xmlunit/xmlunit-core/2.8.2/xmlunit-core-2.8.2.jar:"/>
    <property name="sun.cpu.endian" value="little"/>
    <property name="user.home" value="/home/tayeb"/>
    <property name="user.language" value="en"/>
    <property name="java.specification.vendor" value="Oracle Corporation"/>
    <property name="java.home" value="/usr/lib/jvm/java-8-openjdk-amd64/jre"/>
    <property name="basedir" value="/home/tayeb/Documents/Devops Projects/Mongo_dockercompose/springboot-mongo-docker"/>
    <property name="file.separator" value="/"/>
    <property name="line.separator" value="&#10;"/>
    <property name="java.vm.specification.vendor" value="Oracle Corporation"/>
    <property name="java.specification.name" value="Java Platform API Specification"/>
    <property name="java.awt.graphicsenv" value="sun.awt.X11GraphicsEnvironment"/>
    <property name="surefire.real.class.path" value="/home/tayeb/Documents/Devops Projects/Mongo_dockercompose/springboot-mongo-docker/target/surefire/surefirebooter494758197934271088.jar"/>
    <property name="sun.boot.class.path" value="/usr/lib/jvm/java-8-openjdk-amd64/jre/lib/resources.jar:/usr/lib/jvm/java-8-openjdk-amd64/jre/lib/rt.jar:/usr/lib/jvm/java-8-openjdk-amd64/jre/lib/sunrsasign.jar:/usr/lib/jvm/java-8-openjdk-amd64/jre/lib/jsse.jar:/usr/lib/jvm/java-8-openjdk-amd64/jre/lib/jce.jar:/usr/lib/jvm/java-8-openjdk-amd64/jre/lib/charsets.jar:/usr/lib/jvm/java-8-openjdk-amd64/jre/lib/jfr.jar:/usr/lib/jvm/java-8-openjdk-amd64/jre/classes"/>
    <property name="sun.management.compiler" value="HotSpot 64-Bit Tiered Compilers"/>
    <property name="java.runtime.version" value="1.8.0_362-8u362-ga-0ubuntu1~22.04-b09"/>
    <property name="user.name" value="tayeb"/>
    <property name="path.separator" value=":"/>
    <property name="os.version" value="5.19.0-35-generic"/>
    <property name="java.endorsed.dirs" value="/usr/lib/jvm/java-8-openjdk-amd64/jre/lib/endorsed"/>
    <property name="java.runtime.name" value="OpenJDK Runtime Environment"/>
    <property name="file.encoding" value="UTF-8"/>
    <property name="java.vm.name" value="OpenJDK 64-Bit Server VM"/>
    <property name="localRepository" value="/home/tayeb/.m2/repository"/>
    <property name="java.vendor.url.bug" value="http://bugreport.sun.com/bugreport/"/>
    <property name="java.io.tmpdir" value="/tmp"/>
    <property name="idea.version" value="2022.3.3"/>
    <property name="java.version" value="1.8.0_362"/>
    <property name="user.dir" value="/home/tayeb/Documents/Devops Projects/Mongo_dockercompose/springboot-mongo-docker"/>
    <property name="os.arch" value="amd64"/>
    <property name="java.vm.specification.name" value="Java Virtual Machine Specification"/>
    <property name="java.awt.printerjob" value="sun.print.PSPrinterJob"/>
    <property name="sun.os.patch.level" value="unknown"/>
    <property name="java.library.path" value="/usr/java/packages/lib/amd64:/usr/lib/x86_64-linux-gnu/jni:/lib/x86_64-linux-gnu:/usr/lib/x86_64-linux-gnu:/usr/lib/jni:/lib:/usr/lib"/>
    <property name="java.vm.info" value="mixed mode"/>
    <property name="java.vendor" value="Private Build"/>
    <property name="java.vm.version" value="25.362-b09"/>
    <property name="java.specification.maintenance.version" value="4"/>
    <property name="java.ext.dirs" value="/usr/lib/jvm/java-8-openjdk-amd64/jre/lib/ext:/usr/java/packages/lib/ext"/>
    <property name="sun.io.unicode.encoding" value="UnicodeLittle"/>
    <property name="java.class.version" value="52.0"/>
  </properties>
  <testcase name="contextLoads" classname="com.javatechie.docker.compose.SpringbootMongodbDockerApplicationTests" time="1.061"/>
</testsuite>